2021-02-16 13:24:50.969  INFO 808 --- [restartedMain] net.skhu.Error2Application               : Starting Error2Application on DESKTOP-1TGEE3A with PID 808 (D:\1_university\github\spring\error2\target\classes started by de1et in D:\1_university\github\spring\error2)
2021-02-16 13:24:50.969  INFO 808 --- [restartedMain] net.skhu.Error2Application               : The following profiles are active: prod
2021-02-16 13:24:51.208  INFO 808 --- [restartedMain] .s.d.r.c.RepositoryConfigurationDelegate : Bootstrapping Spring Data JPA repositories in DEFAULT mode.
2021-02-16 13:24:51.224  INFO 808 --- [restartedMain] .s.d.r.c.RepositoryConfigurationDelegate : Finished Spring Data repository scanning in 16ms. Found 2 JPA repository interfaces.
2021-02-16 13:24:51.351  INFO 808 --- [restartedMain] o.s.b.w.embedded.tomcat.TomcatWebServer  : Tomcat initialized with port(s): 8088 (http)
2021-02-16 13:24:51.351  INFO 808 --- [restartedMain] o.apache.catalina.core.StandardService   : Starting service [Tomcat]
2021-02-16 13:24:51.352  INFO 808 --- [restartedMain] org.apache.catalina.core.StandardEngine  : Starting Servlet engine: [Apache Tomcat/9.0.41]
2021-02-16 13:24:51.507  INFO 808 --- [restartedMain] org.apache.jasper.servlet.TldScanner     : At least one JAR was scanned for TLDs yet contained no TLDs. Enable debug logging for this logger for a complete list of JARs that were scanned but no TLDs were found in them. Skipping unneeded JARs during scanning can improve startup time and JSP compilation time.
2021-02-16 13:24:51.512  INFO 808 --- [restartedMain] o.a.c.c.C.[Tomcat].[localhost].[/]       : Initializing Spring embedded WebApplicationContext
2021-02-16 13:24:51.512  INFO 808 --- [restartedMain] w.s.c.ServletWebServerApplicationContext : Root WebApplicationContext: initialization completed in 539 ms
2021-02-16 13:24:51.570  INFO 808 --- [restartedMain] com.zaxxer.hikari.HikariDataSource       : HikariPool-2 - Starting...
2021-02-16 13:24:51.676  INFO 808 --- [restartedMain] com.zaxxer.hikari.HikariDataSource       : HikariPool-2 - Start completed.
2021-02-16 13:24:51.681  INFO 808 --- [restartedMain] o.hibernate.jpa.internal.util.LogHelper  : HHH000204: Processing PersistenceUnitInfo [name: default]
2021-02-16 13:24:51.690  INFO 808 --- [restartedMain] org.hibernate.dialect.Dialect            : HHH000400: Using dialect: org.hibernate.dialect.MySQL8Dialect
2021-02-16 13:24:51.745  INFO 808 --- [restartedMain] o.h.e.t.j.p.i.JtaPlatformInitiator       : HHH000490: Using JtaPlatform implementation: [org.hibernate.engine.transaction.jta.platform.internal.NoJtaPlatform]
2021-02-16 13:24:51.746  INFO 808 --- [restartedMain] j.LocalContainerEntityManagerFactoryBean : Initialized JPA EntityManagerFactory for persistence unit 'default'
2021-02-16 13:24:51.861  WARN 808 --- [restartedMain] JpaBaseConfiguration$JpaWebConfiguration : spring.jpa.open-in-view is enabled by default. Therefore, database queries may be performed during view rendering. Explicitly configure spring.jpa.open-in-view to disable this warning
2021-02-16 13:24:51.914  INFO 808 --- [restartedMain] o.s.s.concurrent.ThreadPoolTaskExecutor  : Initializing ExecutorService 'applicationTaskExecutor'
2021-02-16 13:24:52.184  INFO 808 --- [restartedMain] o.s.b.d.a.OptionalLiveReloadServer       : LiveReload server is running on port 35729
2021-02-16 13:24:52.214  INFO 808 --- [restartedMain] o.s.b.w.embedded.tomcat.TomcatWebServer  : Tomcat started on port(s): 8088 (http) with context path ''
2021-02-16 13:24:52.223  INFO 808 --- [restartedMain] net.skhu.Error2Application               : Started Error2Application in 1.323 seconds (JVM running for 132.987)
2021-02-16 13:24:52.226  INFO 808 --- [restartedMain] .ConditionEvaluationDeltaLoggingListener : Condition evaluation unchanged
2021-02-16 13:24:58.985  INFO 808 --- [http-nio-8088-exec-1] o.a.c.c.C.[Tomcat].[localhost].[/]       : Initializing Spring DispatcherServlet 'dispatcherServlet'
2021-02-16 13:24:58.985  INFO 808 --- [http-nio-8088-exec-1] o.s.web.servlet.DispatcherServlet        : Initializing Servlet 'dispatcherServlet'
2021-02-16 13:24:58.988  INFO 808 --- [http-nio-8088-exec-1] o.s.web.servlet.DispatcherServlet        : Completed initialization in 2 ms
